0 info it worked if it ends with ok
1 verbose cli [ '/usr/bin/node',
1 verbose cli   '/usr/bin/npm',
1 verbose cli   'i',
1 verbose cli   'primeicons/primeicons.css',
1 verbose cli   'install' ]
2 info using npm@3.5.2
3 info using node@v8.10.0
4 silly loadCurrentTree Starting
5 silly install loadCurrentTree
6 silly install readLocalPackageData
7 silly fetchPackageMetaData primeicons/primeicons.css
8 silly fetchPackageMetaData install
9 silly fetchOtherPackageData primeicons/primeicons.css
10 silly cache add args [ 'primeicons/primeicons.css', null ]
11 verbose cache add spec primeicons/primeicons.css
12 silly fetchNamedPackageData install
13 silly mapToRegistry name install
14 silly mapToRegistry using default registry
15 silly mapToRegistry registry https://registry.npmjs.org/
16 silly mapToRegistry uri https://registry.npmjs.org/install
17 silly cache add parsed spec Result {
17 silly cache add   raw: 'primeicons/primeicons.css',
17 silly cache add   scope: null,
17 silly cache add   name: null,
17 silly cache add   rawSpec: 'primeicons/primeicons.css',
17 silly cache add   spec: 'github:primeicons/primeicons.css',
17 silly cache add   type: 'hosted',
17 silly cache add   hosted:
17 silly cache add    { type: 'github',
17 silly cache add      ssh: 'git@github.com:primeicons/primeicons.css.git',
17 silly cache add      sshUrl: 'git+ssh://git@github.com/primeicons/primeicons.css.git',
17 silly cache add      httpsUrl: 'git+https://github.com/primeicons/primeicons.css.git',
17 silly cache add      gitUrl: 'git://github.com/primeicons/primeicons.css.git',
17 silly cache add      shortcut: 'github:primeicons/primeicons.css',
17 silly cache add      directUrl: 'https://raw.githubusercontent.com/primeicons/primeicons.css/master/package.json' } }
18 verbose addRemoteGit caching primeicons/primeicons.css
19 verbose addRemoteGit primeicons/primeicons.css is a repository hosted by github
20 silly tryGitProto attempting to clone git://github.com/primeicons/primeicons.css.git
21 silly tryClone cloning primeicons/primeicons.css via git://github.com/primeicons/primeicons.css.git
22 verbose tryClone git-github-com-primeicons-primeicons-css-git-e6872ec5 not in flight; caching
23 verbose makeDirectory /root/.npm/_git-remotes creation not in flight; initializing
24 silly makeDirectory /root/.npm/_git-remotes uid: 1000 gid: 1000
25 verbose request uri https://registry.npmjs.org/install
26 verbose request no auth needed
27 info attempt registry request try #1 at 9:36:10 AM
28 verbose request id 0e1b5ffdac87bfcc
29 verbose etag W/"98289b25e7a6388be49c9c967fba04f6"
30 verbose lastModified Wed, 03 Jul 2019 15:51:26 GMT
31 http request GET https://registry.npmjs.org/install
32 info git [ 'clone',
32 info git   '--template=/root/.npm/_git-remotes/_templates',
32 info git   '--mirror',
32 info git   'git://github.com/primeicons/primeicons.css.git',
32 info git   '/root/.npm/_git-remotes/git-github-com-primeicons-primeicons-css-git-e6872ec5' ]
33 http 304 https://registry.npmjs.org/install
34 verbose headers { date: 'Tue, 31 Dec 2019 04:06:10 GMT',
34 verbose headers   connection: 'keep-alive',
34 verbose headers   'set-cookie':
34 verbose headers    [ '__cfduid=d7fd20557bd6d56ee33102a1c33ab45a01577765170; expires=Thu, 30-Jan-20 04:06:10 GMT; path=/; domain=.npmjs.org; HttpOnly; SameSite=Lax' ],
34 verbose headers   'cf-ray': '54d9611cba62e247-SIN',
34 verbose headers   age: '308',
34 verbose headers   'cache-control': 'public, max-age=300',
34 verbose headers   etag: '"98289b25e7a6388be49c9c967fba04f6"',
34 verbose headers   'last-modified': 'Wed, 03 Jul 2019 15:51:26 GMT',
34 verbose headers   vary: 'Accept-Encoding',
34 verbose headers   'cf-cache-status': 'HIT',
34 verbose headers   'expect-ct': 'max-age=604800, report-uri="https://report-uri.cloudflare.com/cdn-cgi/beacon/expect-ct"',
34 verbose headers   server: 'cloudflare' }
35 silly get cb [ 304,
35 silly get   { date: 'Tue, 31 Dec 2019 04:06:10 GMT',
35 silly get     connection: 'keep-alive',
35 silly get     'set-cookie':
35 silly get      [ '__cfduid=d7fd20557bd6d56ee33102a1c33ab45a01577765170; expires=Thu, 30-Jan-20 04:06:10 GMT; path=/; domain=.npmjs.org; HttpOnly; SameSite=Lax' ],
35 silly get     'cf-ray': '54d9611cba62e247-SIN',
35 silly get     age: '308',
35 silly get     'cache-control': 'public, max-age=300',
35 silly get     etag: '"98289b25e7a6388be49c9c967fba04f6"',
35 silly get     'last-modified': 'Wed, 03 Jul 2019 15:51:26 GMT',
35 silly get     vary: 'Accept-Encoding',
35 silly get     'cf-cache-status': 'HIT',
35 silly get     'expect-ct': 'max-age=604800, report-uri="https://report-uri.cloudflare.com/cdn-cgi/beacon/expect-ct"',
35 silly get     server: 'cloudflare' } ]
36 verbose etag https://registry.npmjs.org/install from cache
37 verbose get saving install to /root/.npm/registry.npmjs.org/install/.cache.json
38 verbose git clone --template=/root/.npm/_git-remotes/_templates --mirror git://github.com/primeicons/primeicons.css.git /root/.npm/_git-remotes/git-github-com-primeicons-primeicons-css-git-e6872ec5: Cloning into bare repository '/root/.npm/_git-remotes/git-github-com-primeicons-primeicons-css-git-e6872ec5'...
38 verbose git clone --template=/root/.npm/_git-remotes/_templates --mirror git://github.com/primeicons/primeicons.css.git /root/.npm/_git-remotes/git-github-com-primeicons-primeicons-css-git-e6872ec5: fatal: remote error:
38 verbose git clone --template=/root/.npm/_git-remotes/_templates --mirror git://github.com/primeicons/primeicons.css.git /root/.npm/_git-remotes/git-github-com-primeicons-primeicons-css-git-e6872ec5:   Repository not found.
39 silly tryHTTPS attempting to clone git+https://github.com/primeicons/primeicons.css.git
40 silly tryClone cloning primeicons/primeicons.css via git+https://github.com/primeicons/primeicons.css.git
41 verbose tryClone git-https-github-com-primeicons-primeicons-css-git-c174a750 not in flight; caching
42 info git [ 'clone',
42 info git   '--template=/root/.npm/_git-remotes/_templates',
42 info git   '--mirror',
42 info git   'https://github.com/primeicons/primeicons.css.git',
42 info git   '/root/.npm/_git-remotes/git-https-github-com-primeicons-primeicons-css-git-c174a750' ]
43 verbose git clone --template=/root/.npm/_git-remotes/_templates --mirror https://github.com/primeicons/primeicons.css.git /root/.npm/_git-remotes/git-https-github-com-primeicons-primeicons-css-git-c174a750: Cloning into bare repository '/root/.npm/_git-remotes/git-https-github-com-primeicons-primeicons-css-git-c174a750'...
43 verbose git clone --template=/root/.npm/_git-remotes/_templates --mirror https://github.com/primeicons/primeicons.css.git /root/.npm/_git-remotes/git-https-github-com-primeicons-primeicons-css-git-c174a750: remote: Invalid username or password.
43 verbose git clone --template=/root/.npm/_git-remotes/_templates --mirror https://github.com/primeicons/primeicons.css.git /root/.npm/_git-remotes/git-https-github-com-primeicons-primeicons-css-git-c174a750: fatal: Authentication failed for 'https://github.com/primeicons/primeicons.css.git/'
44 silly trySSH attempting to clone git@github.com:primeicons/primeicons.css.git
45 silly tryClone cloning primeicons/primeicons.css via git@github.com:primeicons/primeicons.css.git
46 verbose tryClone git-github-com-primeicons-primeicons-css-git-96672e88 not in flight; caching
47 info git [ 'clone',
47 info git   '--template=/root/.npm/_git-remotes/_templates',
47 info git   '--mirror',
47 info git   'git@github.com:primeicons/primeicons.css.git',
47 info git   '/root/.npm/_git-remotes/git-github-com-primeicons-primeicons-css-git-96672e88' ]
48 error git clone --template=/root/.npm/_git-remotes/_templates --mirror git@github.com:primeicons/primeicons.css.git /root/.npm/_git-remotes/git-github-com-primeicons-primeicons-css-git-96672e88: Cloning into bare repository '/root/.npm/_git-remotes/git-github-com-primeicons-primeicons-css-git-96672e88'...
48 error git clone --template=/root/.npm/_git-remotes/_templates --mirror git@github.com:primeicons/primeicons.css.git /root/.npm/_git-remotes/git-github-com-primeicons-primeicons-css-git-96672e88: ssh: connect to host github.com port 1022: Connection timed out
48 error git clone --template=/root/.npm/_git-remotes/_templates --mirror git@github.com:primeicons/primeicons.css.git /root/.npm/_git-remotes/git-github-com-primeicons-primeicons-css-git-96672e88: fatal: Could not read from remote repository.
48 error git clone --template=/root/.npm/_git-remotes/_templates --mirror git@github.com:primeicons/primeicons.css.git /root/.npm/_git-remotes/git-github-com-primeicons-primeicons-css-git-96672e88:
48 error git clone --template=/root/.npm/_git-remotes/_templates --mirror git@github.com:primeicons/primeicons.css.git /root/.npm/_git-remotes/git-github-com-primeicons-primeicons-css-git-96672e88: Please make sure you have the correct access rights
48 error git clone --template=/root/.npm/_git-remotes/_templates --mirror git@github.com:primeicons/primeicons.css.git /root/.npm/_git-remotes/git-github-com-primeicons-primeicons-css-git-96672e88: and the repository exists.
49 silly fetchPackageMetaData Error: Command failed: git clone --template=/root/.npm/_git-remotes/_templates --mirror git@github.com:primeicons/primeicons.css.git /root/.npm/_git-remotes/git-github-com-primeicons-primeicons-css-git-96672e88
49 silly fetchPackageMetaData Cloning into bare repository '/root/.npm/_git-remotes/git-github-com-primeicons-primeicons-css-git-96672e88'...
49 silly fetchPackageMetaData ssh: connect to host github.com port 1022: Connection timed out
49 silly fetchPackageMetaData fatal: Could not read from remote repository.
49 silly fetchPackageMetaData
49 silly fetchPackageMetaData Please make sure you have the correct access rights
49 silly fetchPackageMetaData and the repository exists.
49 silly fetchPackageMetaData
49 silly fetchPackageMetaData     at ChildProcess.exithandler (child_process.js:275:12)
49 silly fetchPackageMetaData     at emitTwo (events.js:126:13)
49 silly fetchPackageMetaData     at ChildProcess.emit (events.js:214:7)
49 silly fetchPackageMetaData     at maybeClose (internal/child_process.js:925:16)
49 silly fetchPackageMetaData     at Process.ChildProcess._handle.onexit (internal/child_process.js:209:5)
49 silly fetchPackageMetaData  error for primeicons/primeicons.css { Error: Command failed: git clone --template=/root/.npm/_git-remotes/_templates --mirror git@github.com:primeicons/primeicons.css.git /root/.npm/_git-remotes/git-github-com-primeicons-primeicons-css-git-96672e88
49 silly fetchPackageMetaData Cloning into bare repository '/root/.npm/_git-remotes/git-github-com-primeicons-primeicons-css-git-96672e88'...
49 silly fetchPackageMetaData ssh: connect to host github.com port 1022: Connection timed out
49 silly fetchPackageMetaData fatal: Could not read from remote repository.
49 silly fetchPackageMetaData
49 silly fetchPackageMetaData Please make sure you have the correct access rights
49 silly fetchPackageMetaData and the repository exists.
49 silly fetchPackageMetaData
49 silly fetchPackageMetaData     at ChildProcess.exithandler (child_process.js:275:12)
49 silly fetchPackageMetaData     at emitTwo (events.js:126:13)
49 silly fetchPackageMetaData     at ChildProcess.emit (events.js:214:7)
49 silly fetchPackageMetaData     at maybeClose (internal/child_process.js:925:16)
49 silly fetchPackageMetaData     at Process.ChildProcess._handle.onexit (internal/child_process.js:209:5)
49 silly fetchPackageMetaData   killed: false,
49 silly fetchPackageMetaData   code: 128,
49 silly fetchPackageMetaData   signal: null,
49 silly fetchPackageMetaData   cmd: 'git clone --template=/root/.npm/_git-remotes/_templates --mirror git@github.com:primeicons/primeicons.css.git /root/.npm/_git-remotes/git-github-com-primeicons-primeicons-css-git-96672e88' }
50 silly rollbackFailedOptional Starting
51 silly rollbackFailedOptional Finishing
52 silly runTopLevelLifecycles Starting
53 silly runTopLevelLifecycles Finishing
54 silly install printInstalled
55 verbose stack Error: Command failed: git clone --template=/root/.npm/_git-remotes/_templates --mirror git@github.com:primeicons/primeicons.css.git /root/.npm/_git-remotes/git-github-com-primeicons-primeicons-css-git-96672e88
55 verbose stack Cloning into bare repository '/root/.npm/_git-remotes/git-github-com-primeicons-primeicons-css-git-96672e88'...
55 verbose stack ssh: connect to host github.com port 1022: Connection timed out
55 verbose stack fatal: Could not read from remote repository.
55 verbose stack
55 verbose stack Please make sure you have the correct access rights
55 verbose stack and the repository exists.
55 verbose stack
55 verbose stack     at ChildProcess.exithandler (child_process.js:275:12)
55 verbose stack     at emitTwo (events.js:126:13)
55 verbose stack     at ChildProcess.emit (events.js:214:7)
55 verbose stack     at maybeClose (internal/child_process.js:925:16)
55 verbose stack     at Process.ChildProcess._handle.onexit (internal/child_process.js:209:5)
56 verbose cwd /var/www/html/REACT_WORK/NEW_PLANETSHARE/web_planetshare/src/Container/Dashboard/SellerDashboard/Asset
57 error Linux 4.15.0-72-generic
58 error argv "/usr/bin/node" "/usr/bin/npm" "i" "primeicons/primeicons.css" "install"
59 error node v8.10.0
60 error npm  v3.5.2
61 error code 128
62 error Command failed: git clone --template=/root/.npm/_git-remotes/_templates --mirror git@github.com:primeicons/primeicons.css.git /root/.npm/_git-remotes/git-github-com-primeicons-primeicons-css-git-96672e88
62 error Cloning into bare repository '/root/.npm/_git-remotes/git-github-com-primeicons-primeicons-css-git-96672e88'...
62 error ssh: connect to host github.com port 1022: Connection timed out
62 error fatal: Could not read from remote repository.
62 error
62 error Please make sure you have the correct access rights
62 error and the repository exists.
63 error If you need help, you may report this error at:
63 error     <https://github.com/npm/npm/issues>
64 verbose exit [ 1, true ]
